SF:lib/src/mutable_value_stream.dart
DA:10,4
DA:12,5
DA:13,4
DA:16,4
DA:18,8
DA:24,3
DA:25,3
DA:28,12
DA:32,0
DA:34,0
DA:37,3
DA:38,6
DA:45,0
DA:46,0
LF:14
LH:10
end_of_record
SF:lib/src/streams_dispose_bag.dart
DA:2,1
DA:7,1
DA:8,2
DA:9,0
DA:12,1
DA:13,5
LF:6
LH:5
end_of_record
SF:lib/src/extensions.dart
DA:5,0
DA:6,0
DA:9,0
DA:10,0
DA:13,0
DA:14,0
DA:20,2
DA:21,4
DA:24,1
DA:25,1
DA:28,1
DA:29,2
DA:35,1
DA:36,3
LF:14
LH:8
end_of_record
SF:lib/src/streams_listener.dart
DA:19,1
DA:25,0
DA:26,1
DA:35,2
DA:41,2
DA:49,1
DA:50,1
DA:55,1
DA:57,1
DA:59,3
DA:61,1
DA:62,3
DA:63,2
DA:67,1
DA:70,1
DA:72,2
DA:73,1
DA:78,1
DA:85,0
DA:86,1
DA:89,1
DA:90,1
DA:92,1
DA:94,0
DA:97,0
DA:99,0
DA:107,0
DA:115,0
DA:116,0
DA:119,0
DA:120,0
DA:121,0
DA:123,0
DA:125,0
DA:128,0
DA:130,0
DA:131,0
LF:37
LH:21
end_of_record
SF:lib/src/streams_provider.dart
DA:7,2
DA:12,2
DA:15,4
DA:36,0
DA:40,0
DA:42,0
DA:48,2
DA:56,2
DA:69,2
DA:71,2
DA:72,2
DA:73,2
DA:75,2
DA:88,2
DA:90,2
DA:91,0
DA:92,0
DA:98,0
DA:115,0
LF:19
LH:12
end_of_record
SF:lib/src/streams_selector.dart
DA:12,2
DA:17,0
DA:18,0
DA:19,2
DA:36,2
DA:37,2
DA:44,2
DA:46,4
DA:47,2
DA:49,2
DA:50,4
DA:52,2
DA:53,6
DA:55,4
DA:61,2
DA:74,2
DA:79,0
DA:80,2
DA:83,6
DA:89,1
DA:94,0
DA:95,1
DA:98,2
DA:100,1
DA:101,1
LF:25
LH:21
end_of_record
