SF:lib/src/extensions.dart
DA:5,2
DA:6,4
DA:9,1
DA:10,1
DA:13,1
DA:14,2
DA:20,1
DA:21,3
LF:8
LH:8
end_of_record
SF:lib/src/mutable_value_stream.dart
DA:10,4
DA:12,4
DA:13,4
DA:16,4
DA:18,8
DA:24,3
DA:25,3
DA:28,12
DA:30,2
DA:31,4
LF:10
LH:10
end_of_record
SF:lib/src/streams_listener.dart
DA:18,1
DA:23,1
DA:39,1
DA:40,1
DA:45,1
DA:47,1
DA:49,4
DA:50,3
DA:51,2
DA:55,1
DA:58,1
DA:60,1
LF:12
LH:12
end_of_record
SF:lib/src/streams_provider.dart
DA:7,2
DA:12,2
DA:15,4
DA:36,0
DA:40,0
DA:42,0
DA:48,2
DA:56,2
DA:69,2
DA:71,2
DA:72,2
DA:73,2
DA:75,2
DA:88,2
DA:90,2
DA:91,0
DA:92,0
DA:98,0
DA:115,0
LF:19
LH:12
end_of_record
SF:lib/src/streams_selector.dart
DA:12,2
DA:17,0
DA:18,0
DA:19,2
DA:36,2
DA:37,2
DA:44,2
DA:46,4
DA:47,2
DA:49,2
DA:50,4
DA:52,2
DA:53,6
DA:55,4
DA:61,2
DA:74,2
DA:79,0
DA:80,2
DA:83,6
DA:89,1
DA:94,0
DA:95,1
DA:98,2
DA:100,1
DA:101,1
LF:25
LH:21
end_of_record
