SF:lib/src/mutable_value_stream.dart
DA:6,3
DA:9,3
DA:10,3
DA:12,9
DA:18,3
DA:19,3
DA:22,9
DA:24,1
DA:25,2
LF:9
LH:9
end_of_record
SF:lib/src/extensions.dart
DA:5,0
DA:6,0
DA:9,0
DA:10,0
DA:13,0
DA:14,0
DA:20,1
DA:21,2
DA:24,1
DA:25,1
DA:28,1
DA:29,2
DA:35,1
DA:36,3
LF:14
LH:8
end_of_record
SF:lib/src/stream_provider.dart
DA:7,1
DA:12,1
DA:15,2
DA:36,0
DA:40,0
DA:42,0
DA:48,1
DA:56,1
DA:69,1
DA:71,1
DA:72,1
DA:73,1
DA:75,1
DA:88,1
DA:90,1
DA:91,0
DA:92,0
DA:98,0
DA:115,0
LF:19
LH:12
end_of_record
SF:lib/src/stream_selector.dart
DA:12,1
DA:17,0
DA:18,0
DA:19,1
DA:36,1
DA:37,1
DA:44,1
DA:46,2
DA:47,1
DA:49,1
DA:50,2
DA:52,1
DA:53,3
DA:55,2
DA:61,1
DA:75,1
DA:80,0
DA:81,1
DA:84,3
DA:91,0
DA:96,0
DA:97,0
DA:100,0
DA:102,0
DA:103,0
LF:25
LH:16
end_of_record
